<?xml version="1.0" encoding="UTF-8"?>
<!-- Generated by org.testng.reporters.JUnitXMLReporter -->
<testsuite ignored="1" hostname="DESKTOP-OQCDLB1" failures="1" tests="2" name="Default test(failed)" time="0.066" errors="0" timestamp="2021-07-21T16:39:45 EDT">
  <testcase classname="Demo.TestNGRetryFailedDemo" name="test2" time="0.01"/>
  <testcase classname="Demo.TestNGRetryFailedDemo" name="test3" time="0.003">
    <failure type="java.lang.Error" message="Unresolved compilation problem: 
	Listeners.RetryAnalyzer cannot be resolved to a type
">
      <![CDATA[java.lang.Error: Unresolved compilation problem: 
Listeners.RetryAnalyzer cannot be resolved to a type

at Demo.TestNGRetryFailedDemo.test3(TestNGRetryFailedDemo.java:30)
at java.base/java.util.ArrayList.forEach(ArrayList.java:1511)
... Removed 27 stack frames]]>
    </failure>
  </testcase> <!-- test3 -->
  <testcase classname="Demo.TestNGRetryFailedDemo" name="test1" time="0.0">
    <ignored/>
  </testcase> <!-- test1 -->
</testsuite> <!-- Default test(failed) -->
